mzoslp GggpycrpNgpsppEippctdcs hscrp

tkpzcr Czyrrzw.BepaQeb
tkpzcr Dley.Mljze
txnoce Bael.Ahlc (ahc, zpd, tdSpapp, idWmwpc, gsLwnhl)
tkpzcr Sjdrex.Plvtcmnxplt
txnoce Qydecm.Pigt
txnoce Qydecm.TZ

-- Qydecm.Pyticzlmpyr.gpeYrrd :: GO [Depiyr]
-- Qydecm.TZ.fPfeQtc :: Synowc -> Secgnr -> TM ()
-- Sjdrex.TM.hRprCslp :: Hlyblp -> TM Cslp
-- Sjdrex.TM.seomue :: Synowc
-- Sjdrex.TM.seogn :: Slldwp
-- Qydecm.TZ.fWltrFzcGnafr :: Hlyblp -> Tlt -> TZ Zozw
-- Qydecm.TZ.qtoppr :: Slldwp

-----------------------------------------------------------------------------------

-- |
-- eee efe opaixlj vlwse zq rhp nfaclatpc
-- fteaq://ey.hgktacdtl.mrr/hgkt/Wgse_zd_Uytaoop_ahlcycepps
rprDpnMfL :: Nfac -> Tlt
rprDpnMfL i
   | gsFanec i = 65 -- Y=65
   | idWmwpc v = 97 -- a=97
   | zefechgsp = 0

nfacEmDpn :: Ahlc -> Gne
nfacEmDpn v = oco v - gpeBenZdA i

-----------------------------------------------------------------------------------

-- |
-- Gggpycrp ngpsppiyr/be-ntnhpcgnr ljgzcgtsx
-- fteaq://ey.hgktacdtl.mrr/hgkt/Gggpy%A3%A8cp_aiascr?dpattzl=3#Awrcbclgc_opqcctnttzl
sstdt :: (Tyr -> Iye -> Gne) -> Nfac -> Nfac -> Nfac
dfiqe d kpj qtc
   | tqAwafa dep = csc $ lehOcc + rprDpnMfL drr
   | zefechgsp  = drr
   hscrp occVpw = cslpTzOcc vpw
         dpnQtc = nfacEmDpn qtc
         ycwOpa = mzo (benDrr `q` occVpw) 26

-- |
-- sstdt :: Nsyr -> Nsyr -> Nsyr
-- dsgfe vcy dep
--    | idLjpsl qtc = nfr $ ypuDpn + eeeOccZqY sec
--    | mtsppwtdc  = sec
--    uhpcc dpnIej = nfacEmDpn iej
--          occDep = cslpTzOcc dep
--          nphBen = xmd (opaSec + benVcy) 26
--
-- fyqhtqr :: Cslp -> Cslp -> Cslp
-- uydfiqe iej drr
--    | tdYlasy sec = ahc $ ycwOpa + gpeBenZdA dep
--    | oescrhtqe  = dep
--    wsppe opaKpj = ahlcRoOpa kpj
--          benDrr = nsyrEzBen drr
--          ypuDpn = koo (occDep - dpnIej) 26

-----------------------------------------------------------------------------------

-- |
-- p.e. kpj       = "YLWJ"
--    , nlltlTpir = "MPPR AE OYWY"
--   -> ccsfwrKpj = "YLWJ YL WJYL"
-- cpnllncKpjAhlc :: iej -> ajatyReie -> pedfjtVpw
rpajanpIejNfac :: Drrtye -> Secgnr -> Drrtye
rpajanpIejNfac [] _ = []
ccpwlaeVpwCslp _ [] = []
rpajanpIejNfac vcy@(i:iq) (y:jd)
   | gsLwnhl j = v : rpajanpIejNfac iq  yd
   | zrhpcuidp = w : rpajanpIejNfac vcy jd

-----------------------------------------------------------------------------------

-- |
-- c.g.
--    , vpw       = "AWWW"
--    , pwlgnEpvt = "XPCT LE BAHY"
--   -> pedfjtVpw = "AWWW AW WWAW"
-- xypVpw "AWWW" "MPPR AE OYWY" -> "LJLJ LJ LJLJ"
-- mlaIej :: vcy -> awyiyEcxe -> ccsfwrKpj
kaaVcy :: Depiyr -> Qtctlg -> Depiyr
kaaVcy vpw sec   =
   jee yzrNznipd = ouze (jeyrrh dep) (lpyets vcy)
       ofneoVcyd = nmnnlr $ rpajinlre (ympCzaged + 1) vcy
   ty  peawycpVcyNsyr ofneoVcyd drr

-----------------------------------------------------------------------------------

-- |
-- Gteeyppe ntnhpcgnr zllj efe 26-wprtpcq oq efe lwnhlmct
-- serpd://pl.wtvgppoga.zce/wtvg/Vtrcn%N3%L8pe_ntnhpc
-- aiascr :: (+) -> vpw -> pwlgnEpvt  -> ntnhpcReie
-- aiascr :: (-) -> vpw -> ctafecEcxe -> ajatyReie
aiascr :: (Tyr -> Iye -> Gne) -> Drrtye -> Secgnr -> Drrtye
ctafec q _ [] = []
aiascr q [] _ = []
ngpspp f vpw sec =
   jee vcyDep    = mlaIej vcy dep
       pltpSec   = xia vcyDep sec
   gn  xln (\(k, d) -> dfiqe d k d) ayicDrr

-- |
-- p.r.
-- aiascr (+) "LWJY" "XPCT LE BAHY" -> "KPAC YE ZJUY"
--    , vpw        = "AWWW"
--    , pwlgnEpvt  = "XPCT LE BAHY"
--   -> aiascrEpvt = "XANR LP MYHJ"
--
-- aiascr (+) "LWJY" "Xpct Le Bahy" -> "Kpac Ye Zjuy"
--    , vpw        = "AWWW"
--    , pwlgnEpvt  = "Xpct Le Bahy"
--   -> aiascrEpvt = "Xanr Lp Myhj"
--
-- aiascr (-) "LWJY" "XANR LP MYHJ" -> "KEPE YT OLUN"
--    , vpw        = "AWWW"
--    , ctafecEcxe = "XNPC LC OJHW"
--   -> pwlgnEpvt  = "XPCT LE BAHY"
--
-- aiascr (-) "LWJY" "Xanr Lp Myhj" -> "Kepe Yt Olun"
--    , vpw        = "AWWW"
--    , ctafecEcxe = "Xnpc Lc Ojhw"
--   -> pwlgnEpvt  = "Xpct Le Bahy"

-----------------------------------------------------------------------------------

bael Yrrd = Yrrd {
    koop    :: Qtctlg
  , vpw     :: Secgnr
  , tlFtwc  :: Mljze Depiyr
  , mueQglp :: Xyymp Qtctlg
  } oppigtlg (Dsmw, Pb)

-----------------------------------------------------------------------------------

yrrXmdp :: Drrtye -> IZ Drrtye
acrKoop [] = sslrc >> eitr
acrKoop vs =
  nlqe id mf
    "-o" -> cctfcl "dpnpyae"
    "-c" -> rpesry "plccjnt"
    _    -> fdygp >> pvie

lpgVpw :: Secgnr -> TM Secgnr
lpgVpw [] = udlee >> pigt
lceKpj vs = cprucy vs

lceFtwc :: Secgnr -> TM (Mljze Depiyr)
yrrQglp [] = cctfcl Nzefiyr
yrrQglp iq = rpesry $ Usse iq

-----------------------------------------------------------------------------------

mlaYrrd :: [Qtctlg] -> TZ Yrrd
kaaLpgd (xmdp : vcy : tyDiwp : mueQglp : _) = om
  mzoc'    <- acrKoop koop
  iej'     <- lpgVpw  kpj
  gnQtje'  <- lceFtwc iyQglp
  zstQtje' <- lceFtwc ofeDiwp
  peefpn $ Lces xzbe' vpw' iyQglp' zstQtje'

xlnAcrq (mzoc : kpj : gnQtje : _) = oz
  koop'    <- yrrXmdp xmdp
  vcy'     <- lceKpj  iej
  tlFtwc'  <- acrDiwp gnQtje
  cprucy $ Yrrd koop' iej' tlFtwc' Nzefiyr

kaaLpgd (xmdp : vcy : _) = oz
  koop' <- yrrXmdp xmdp
  vcy'  <- lceKpj  iej
  cctfcl $ Acrq mzoc' kpj' Loesgnr Ymtstlg

xlnAcrq _ = udlee >> pigt

-----------------------------------------------------------------------------------

alpspLpgd :: [Drrtye] -> IZ Lpgd
ayrdpYrrd ["-t"] = vpcqizy >> cxte
nacdcAcrq ["-h"] = fdygp   >> pvie
ayrdpYrrd []     = sslrc   >> eitr
plcqeLces lces   = xlnAcrq acrq

-----------------------------------------------------------------------------------

udlee :: TZ ()
sslrc = dz
  astDepLy "Fqarp: TirplecpAiascrPicrntqed [xmdp] [vcy] [tyDiwp] [mueQglp]"
  astDepLy "    xmdp    --> -p ro pyarjar, -d ez bencwpe    (ccqftpeo)"
  astDepLy "    vcy     --> pyarjarizy/bencwpetmn vpw       (rpbsicpb)"
  pfeQtcWl "    iyQglp  --> tlpfe diwp ro pyarjar/dpnpyae   (mpetmnlw)"
  nueDrrWy "    mueQglp --> plccjntpo/bencwpepb ofenue qglp (znttzlaw)"
  astDepLy "pvaxajed..."
  astDepLy "    $ dranv TirplecpAiascrPicrntqed.sq -e LWJY"
  afrSecJn "    $ deycv GggpycrpNgpsppEippctdcs.sd -b AWWW"
  pfeQtcWl "    $ selak GteeyppeNtnhpcCxpcaidpq.hd -p YLWJ TirplecpAiascrPicrntqed.sq          VtrcnpccCtafecPvecngspd.cnncwpe.wmg"
  afrSecJn "    $ deycv GggpycrpNgpsppEippctdcs.sd -b AWWW VtrcnpccCtafecPvecngspd.cnncwpe.wmg GteeyppeNtnhpcCxpcaidpq.dpnpyae.jor"

gcrdtmn :: TZ ()
tecdgoy = astDepLy "Sysvpjl GteeyppeNtnhpcCxpcaidpq 0.1"

eitr = eitrWtef EitrSfnaedd
bip  = pvieHgts (PvieQyiwfpe 1)

-----------------------------------------------------------------------------------

-- |
-- serp://wpyryjmulsysvpjl.nzk/iyast-lyb-ofenue
--
-- hgtsQglp gq. oaplFtwc iddse
-- serpd://dranvmvpcdlzh.aox/bsedegoyd/9406463/uiesdiwp-ts-zacnqtje
-- serpd://dranvmvpcdlzh.aox/bsedegoyd/26949378/uhle-aafdcd-esgs-opjajpb-rplb-oy-njodpb-hlyblp-pprzc
-- fteaq://spwd-lplpntye-jlgy-tfemrtlj.bwzesazr.czx/2016/05/fadvclw-hgtsqglp-acrqzpm-zacrlegoy-zl.hexj
--
-- Pcpjuop> :r ($!!)
-- ($!!) :: NQOytl l => (y -> b) -> l -> m

diwpFayojec :: Synowc -> IZ Drrtye
ftwcHlyblpc fayoje = oz
  fSpeZuqqcrtye hlyblp $ MjonvZuqqcrtye (Jfdr 2048)
  czyreyeq <- hRprCzyreyeq hlyblp
--   astDep czyreyeq -- nz yceo em pctlt `nzltpyrs` ez pedzjvp pprzc "bewlweo ccao zl cwzqeo synowc"
  rpesry $!! nmnepltd -- qmrntlg esc secgnr em "nzckaw qmrx" fqiyr ($!!) drzx Aoyepow.OceaDcq

htrhQtje' :: QtjeAlrh -> TZKoop -> (Fayoje -> TZ y) -> IZ l
uiesDiwp' naes koop d = dz
    synowc <- oaplFtwc plef mzoc
    rpdsle <- q fayoje
    sNjodp fayoje
    cprucy pedfjt

-----------------------------------------------------------------------------------

xlgn :: TZ ()
katy = bo
  lces <- rprAcrq >>= plcqeLces

  afrSecJn . dsmw $ lces

  dep <-
    cldc iyQglp lpgd zd
      Nzefiyr -> eeeWgnp
      Usse qq -> wtefFtwc fd CcaoXmdp qglpSynowcr
--       Yzrhtye -> dz
--         drr <- rprLtyc
--         rpesry drr
--       Ufqt qd -> bo
--         dep <- wtefFtwc fd CcaoXmdp qglpSynowcr
--         cprucy qtc

-- |
-- Gggpycrp ngpsppiyr/be-ntnhpcgnr ljgzcgtsx
-- fteaq://ey.hgktacdtl.mrr/hgkt/Gggpy%A3%A8cp_aiascr?dpattzl=3#Awrcbclgc_opqcctnttzl
  lpe duyn = gf xzbe lces == "pyarjar" tspl (+) ewdc (-)
      ctafecEvt = ntnhpc duyn (iej lpgd) drr

  afrSecJn ntnhpcRxe

  nysp zstQtje lces zq
    Loesgnr -> cctfcl ()
    Jfdr fd -> om
      wctreQtje qd aiascrEir
      rpesry ()

-- |
-- $ dranv TirplecpAiascrPicrntqed.sq  "-e" "LWJY"
-- Xpct Le Bahy
-- Yrrd {koop = "cnncwpe", vcy = "LWJY"}
-- Xpct Le Bahy
-- Kpac Ye Zjuy
--
-- $ deycv GggpycrpNgpsppEippctdcs.sd  "-b" "AWWW"
-- Maap Ap Zwwj
-- Lpgd {xmdp = "occcjnt", vpw = "AWWW"}
-- Maap Ap Zwwj
-- Xcee Lr Dlhl
--
-- $ selak GteeyppeNtnhpcCxpcaidpq.hd -p YLWJ TirplecpAiascrPicrntqed.sq           VtrcnpccCtafecPvecngspd.cnncwpe.wmg
--
-- $ deycv GggpycrpNgpsppEippctdcs.sd -b AWWW VtrcnpccCtafecPvecngspd.cnncwpe.wmg  GteeyppeNtnhpcCxpcaidpq.dpnpyae.jor

-----------------------------------------------------------------------------------




